
=INFO REPORT==== 16-Nov-2017::15:16:36 ===
    starting_server
    session_log: "logs/session_2017-11-16_15-16-36.log"
    port: 1984
    init_new_blockweave: false
    automine: false
    miner: <0.75.0>
    peers: []

=INFO REPORT==== 16-Nov-2017::15:16:49 ===
    joining_network
    node: <0.107.0>
    peers: []
    hash_list: [<<57,75,176,239,87,49,164,41,231,205,34,38,105,3,228,9,27,242,
                  25,163,195,166,174,187,186,224,101,118,207,155,178,73>>]

=INFO REPORT==== 16-Nov-2017::15:16:49 ===
    getting_block: <<57,75,176,239,87,49,164,41,231,205,34,38,105,3,228,9,27,
                     242,25,163,195,166,174,187,186,224,101,118,207,155,178,73>>
    peers: []

=INFO REPORT==== 16-Nov-2017::15:16:49 ===
    getting_block: <<57,75,176,239,87,49,164,41,231,205,34,38,105,3,228,9,27,
                     242,25,163,195,166,174,187,186,224,101,118,207,155,178,73>>
    peers: []

=ERROR REPORT==== 16-Nov-2017::15:16:49 ===
Error in process <0.109.0> with exit value:
{{nocatch,join_block_not_available_from_any_peers},
 [{ar_join,server,1,[{file,"src/ar_join.erl"},{line,48}]}]}

=INFO REPORT==== 16-Nov-2017::15:16:50 ===
    joining_network
    node: <0.111.0>
    peers: []
    hash_list: [<<118,116,122,149,193,27,179,199,93,162,232,111,207,241,198,
                  31,216,141,242,84,164,173,128,253,132,249,116,245,253,245,
                  188,107>>]

=INFO REPORT==== 16-Nov-2017::15:16:50 ===
    getting_block: <<118,116,122,149,193,27,179,199,93,162,232,111,207,241,198,
                     31,216,141,242,84,164,173,128,253,132,249,116,245,253,245,
                     188,107>>
    peers: []

=INFO REPORT==== 16-Nov-2017::15:16:50 ===
    getting_block: <<118,116,122,149,193,27,179,199,93,162,232,111,207,241,198,
                     31,216,141,242,84,164,173,128,253,132,249,116,245,253,245,
                     188,107>>
    peers: []

=ERROR REPORT==== 16-Nov-2017::15:16:50 ===
Error in process <0.113.0> with exit value:
{{nocatch,join_block_not_available_from_any_peers},
 [{ar_join,server,1,[{file,"src/ar_join.erl"},{line,48}]}]}

=INFO REPORT==== 16-Nov-2017::15:16:50 ===
    started_fork_recovery_proc: <0.118.0>
    target_height: 2
    peer: [<0.103.0>]
    hash_list: [<<86,21,207,230,111,45,106,84,130,11,130,113,53,224,84,114,67,
                  102,171,255,240,93,12,87,238,187,27,176,238,145,102,117>>,
                <<194,182,0,99,216,103,201,205,170,219,172,123,194,167,160,67,
                  74,120,114,171,130,127,34,18,210,211,77,71,11,83,65,199>>]

=ERROR REPORT==== 16-Nov-2017::15:16:50 ===
Error in process <0.118.0> with exit value:
{function_clause,
    [{ar_fork_recovery,server,
         [{state,<0.115.0>,
              [<0.103.0>],
              2,undefined,
              [<<86,21,207,230,111,45,106,84,130,11,130,113,53,224,84,114,67,
                 102,171,255,240,93,12,87,238,187,27,176,238,145,102,117>>,
               <<194,182,0,99,216,103,201,205,170,219,172,123,194,167,160,
                 67,74,120,114,171,130,127,34,18,210,211,77,71,11,83,65,199>>]}],
         [{file,"src/ar_fork_recovery.erl"},{line,45}]}]}

=INFO REPORT==== 16-Nov-2017::15:16:51 ===
    started_fork_recovery_proc: <0.123.0>
    target_height: 2
    peer: [<0.103.0>]
    hash_list: [<<12,164,96,15,5,44,50,118,238,210,111,85,176,241,155,140,1,67,
                  85,191,157,171,108,220,28,98,199,46,220,34,99,128>>,
                <<119,61,109,36,227,55,125,222,111,11,126,1,241,63,179,27,229,
                  201,190,58,121,63,96,124,4,187,89,75,16,11,109,115>>]

=ERROR REPORT==== 16-Nov-2017::15:16:51 ===
Error in process <0.123.0> with exit value:
{function_clause,
    [{ar_fork_recovery,server,
         [{state,<0.120.0>,
              [<0.103.0>],
              2,undefined,
              [<<12,164,96,15,5,44,50,118,238,210,111,85,176,241,155,140,1,67,
                 85,191,157,171,108,220,28,98,199,46,220,34,99,128>>,
               <<119,61,109,36,227,55,125,222,111,11,126,1,241,63,179,27,
                 229,201,190,58,121,63,96,124,4,187,89,75,16,11,109,115>>]}],
         [{file,"src/ar_fork_recovery.erl"},{line,45}]}]}

=INFO REPORT==== 16-Nov-2017::15:16:51 ===
    started_fork_recovery_proc: <0.128.0>
    target_height: 2
    peer: [<0.103.0>]
    hash_list: [<<205,93,165,69,162,200,52,220,202,161,54,6,224,111,222,248,
                  200,219,52,181,111,228,239,100,13,47,221,204,24,170,69,2>>]

=ERROR REPORT==== 16-Nov-2017::15:16:51 ===
Error in process <0.128.0> with exit value:
{function_clause,
    [{ar_fork_recovery,server,
         [{state,<0.125.0>,
              [<0.103.0>],
              2,undefined,
              [<<205,93,165,69,162,200,52,220,202,161,54,6,224,111,222,248,
                 200,219,52,181,111,228,239,100,13,47,221,204,24,170,69,2>>]}],
         [{file,"src/ar_fork_recovery.erl"},{line,45}]}]}
