
=INFO REPORT==== 3-Nov-2017::18:44:29 ===
    starting_server
    session_log: "logs/session_2017-11-03_18-44-29.log"
    port: 1984
    init_new_blockweave: false
    automine: false
    miner: <0.346.0>
    peers: []

=INFO REPORT==== 3-Nov-2017::18:44:33 ===
    node_starting_miner: <0.398.0>
    recall_block: 0

=INFO REPORT==== 3-Nov-2017::18:44:33 ===
    node: <0.398.0>
    started_miner: <0.399.0>

=INFO REPORT==== 3-Nov-2017::18:44:34 ===
    node_starting_miner: <0.402.0>
    recall_block: 0

=INFO REPORT==== 3-Nov-2017::18:44:34 ===
    node: <0.402.0>
    started_miner: <0.403.0>

=INFO REPORT==== 3-Nov-2017::18:44:35 ===
    node: <0.398.0>
    accepted_block: 1
    hash: <<227,248,46,123,220,190,166,241,243,165,198,191,48,73,54,68,8,155,
            125,32,88,137,182,21,111,110,143,216,71,191,214,46>>
    txs: 1

=ERROR REPORT==== 3-Nov-2017::18:44:41 ===
** Generic server <0.349.0> terminating 
** Last message in was {'EXIT',<0.348.0>,killed}
** When Server state == {state,{plain,#Port<0.2773>},
                               #Ref<0.1308935237.2499149825.251190>,1,
                               [{accept_timeout,10000},
                                {request_timeout,60000},
                                {header_timeout,10000},
                                {body_timeout,30000},
                                {max_body_size,1024000}],
                               {ar_http_iface,undefined}}
** Reason for termination == 
** killed
